<?xml version="1.0" encoding="UTF-8"?>
<!-- Generated by org.testng.reporters.JUnitXMLReporter -->
<testsuite hostname="LAPTOP-N6CPISCH" failures="0" tests="3" name="Surefire test" time="0.12" errors="0" timestamp="18 Jun 2020 17:33:41 GMT">
  <testcase classname="NitikaGupta.Mavenjava.RESTAPITest" name="postJira on postJira(NitikaGupta.Mavenjava.RESTAPITest)" time="0.006"/>
  <testcase classname="NitikaGupta.Mavenjava.RESTAPITest" name="deleteTwitter on deleteTwitter(NitikaGupta.Mavenjava.RESTAPITest)" time="0.001"/>
  <testcase classname="NitikaGupta.Mavenjava.SeleniumTest" name="elementsUi on elementsUi(NitikaGupta.Mavenjava.SeleniumTest)" time="0.0"/>
</testsuite> <!-- Surefire test -->
