<?xml version="1.0" encoding="UTF-8"?>
<testng-results total="2" passed="2" failed="0" skipped="0">
  <reporter-output>
  </reporter-output>
  <suite started-at="2020-06-23T12:12:49Z" name="Suite" finished-at="2020-06-23T12:12:49Z" duration-ms="41">
    <groups>
    </groups>
    <test started-at="2020-06-23T12:12:49Z" name="Test" finished-at="2020-06-23T12:12:49Z" duration-ms="41">
      <class name="NitikaGupta.Mavenjava.SeleniumTest">
        <test-method signature="BrowserAutomation()[pri:0, instance:NitikaGupta.Mavenjava.SeleniumTest@5482bcac]" started-at="2020-06-23T08:12:49Z" name="BrowserAutomation" finished-at="2020-06-23T08:12:49Z" duration-ms="16" status="PASS">
          <reporter-output>
          </reporter-output>
        </test-method> <!-- BrowserAutomation -->
        <test-method signature="elementsUi()[pri:0, instance:NitikaGupta.Mavenjava.SeleniumTest@5482bcac]" started-at="2020-06-23T08:12:49Z" name="elementsUi" finished-at="2020-06-23T08:12:49Z" duration-ms="2" status="PASS">
          <reporter-output>
          </reporter-output>
        </test-method> <!-- elementsUi -->
      </class> <!-- NitikaGupta.Mavenjava.SeleniumTest -->
    </test> <!-- Test -->
  </suite> <!-- Suite -->
</testng-results>
